Fri May 13 03:27:01 CEST 2016 Checking for enough free space to rotate: /var/www/miq/vmdb/log/audit.log
Fri May 13 03:27:01 CEST 2016   File size:                 4
Fri May 13 03:27:01 CEST 2016   Space required to rotate:  4
Fri May 13 03:27:01 CEST 2016   Available space on volume: 84556
Fri May 13 03:27:01 CEST 2016   Rotating file...
Fri May 13 03:27:01 CEST 2016 Checking for enough free space to rotate: /var/www/miq/vmdb/log/automation.log
Fri May 13 03:27:01 CEST 2016   File size:                 676
Fri May 13 03:27:01 CEST 2016   Space required to rotate:  811
Fri May 13 03:27:01 CEST 2016   Available space on volume: 84580
Fri May 13 03:27:01 CEST 2016   Rotating file...
Fri May 13 03:27:01 CEST 2016 Checking for enough free space to rotate: /var/www/miq/vmdb/log/aws.log
Fri May 13 03:27:01 CEST 2016   File size:                 4
Fri May 13 03:27:01 CEST 2016   Space required to rotate:  4
Fri May 13 03:27:01 CEST 2016   Available space on volume: 83944
Fri May 13 03:27:01 CEST 2016   Rotating file...
Fri May 13 03:27:01 CEST 2016 Checking for enough free space to rotate: /var/www/miq/vmdb/log/evm.log
Fri May 13 03:27:01 CEST 2016   File size:                 30852
Fri May 13 03:27:01 CEST 2016   Space required to rotate:  37022
Fri May 13 03:27:01 CEST 2016   Available space on volume: 83944
Fri May 13 03:27:01 CEST 2016   Rotating file...
Fri May 13 03:27:02 CEST 2016 Checking for enough free space to rotate: /var/www/miq/vmdb/log/fog.log
Fri May 13 03:27:02 CEST 2016   File size:                 36
Fri May 13 03:27:02 CEST 2016   Space required to rotate:  43
Fri May 13 03:27:02 CEST 2016   Available space on volume: 55076
Fri May 13 03:27:02 CEST 2016   Rotating file...
Fri May 13 03:27:02 CEST 2016 Checking for enough free space to rotate: /var/www/miq/vmdb/log/kubernetes.log
Fri May 13 03:27:02 CEST 2016   File size:                 4
Fri May 13 03:27:02 CEST 2016   Space required to rotate:  4
Fri May 13 03:27:02 CEST 2016   Available space on volume: 55044
Fri May 13 03:27:02 CEST 2016   Rotating file...
Fri May 13 03:27:02 CEST 2016 Checking for enough free space to rotate: /var/www/miq/vmdb/log/miq_ntpdate.log
Fri May 13 03:27:02 CEST 2016   File size:                 48
Fri May 13 03:27:02 CEST 2016   Space required to rotate:  57
Fri May 13 03:27:02 CEST 2016   Available space on volume: 55044
Fri May 13 03:27:02 CEST 2016   Rotating file...
Fri May 13 03:27:02 CEST 2016 Checking for enough free space to rotate: /var/www/miq/vmdb/log/policy.log
Fri May 13 03:27:02 CEST 2016   File size:                 16
Fri May 13 03:27:02 CEST 2016   Space required to rotate:  19
Fri May 13 03:27:02 CEST 2016   Available space on volume: 55000
Fri May 13 03:27:02 CEST 2016   Rotating file...
Fri May 13 03:27:02 CEST 2016 Checking for enough free space to rotate: /var/www/miq/vmdb/log/production.log
Fri May 13 03:27:02 CEST 2016   File size:                 4
Fri May 13 03:27:02 CEST 2016   Space required to rotate:  4
Fri May 13 03:27:02 CEST 2016   Available space on volume: 54988
Fri May 13 03:27:02 CEST 2016   Rotating file...
Fri May 13 03:27:02 CEST 2016 Checking for enough free space to rotate: /var/www/miq/vmdb/log/rhevm.log
Fri May 13 03:27:02 CEST 2016   File size:                 4
Fri May 13 03:27:02 CEST 2016   Space required to rotate:  4
Fri May 13 03:27:02 CEST 2016   Available space on volume: 54988
Fri May 13 03:27:02 CEST 2016   Rotating file...
Fri May 13 03:27:03 CEST 2016 Checking for enough free space to rotate: /var/www/miq/vmdb/log/scvmm.log
Fri May 13 03:27:03 CEST 2016   File size:                 4
Fri May 13 03:27:03 CEST 2016   Space required to rotate:  4
Fri May 13 03:27:03 CEST 2016   Available space on volume: 54988
Fri May 13 03:27:03 CEST 2016   Rotating file...
Fri May 13 03:27:03 CEST 2016 Checking for enough free space to rotate: /var/www/miq/vmdb/log/top_output.log
Fri May 13 03:27:03 CEST 2016   File size:                 19780
Fri May 13 03:27:03 CEST 2016   Space required to rotate:  23736
Fri May 13 03:27:03 CEST 2016   Available space on volume: 54988
Fri May 13 03:27:03 CEST 2016   Rotating file...
Fri May 13 03:27:03 CEST 2016 Checking for enough free space to rotate: /var/www/miq/vmdb/log/vim.log
Fri May 13 03:27:03 CEST 2016   File size:                 4
Fri May 13 03:27:03 CEST 2016   Space required to rotate:  4
Fri May 13 03:27:03 CEST 2016   Available space on volume: 35720
Fri May 13 03:27:03 CEST 2016   Rotating file...
Fri May 13 03:27:03 CEST 2016 Checking for enough free space to rotate: /var/www/miq/vmdb/log/vmstat_output.log
Fri May 13 03:27:03 CEST 2016   File size:                 88
Fri May 13 03:27:03 CEST 2016   Space required to rotate:  105
Fri May 13 03:27:03 CEST 2016   Available space on volume: 35720
Fri May 13 03:27:03 CEST 2016   Rotating file...
Fri May 13 03:27:03 CEST 2016 Checking for enough free space to rotate: /var/www/miq/vmdb/log/apache/miq_apache.log
Fri May 13 03:27:03 CEST 2016   File size:                 4
Fri May 13 03:27:03 CEST 2016   Space required to rotate:  4
Fri May 13 03:27:03 CEST 2016   Available space on volume: 35648
Fri May 13 03:27:03 CEST 2016   Rotating file...
Fri May 13 03:27:03 CEST 2016 Checking for enough free space to rotate: /var/www/miq/vmdb/log/apache/ssl_error.log
Fri May 13 03:27:03 CEST 2016   File size:                 4
Fri May 13 03:27:03 CEST 2016   Space required to rotate:  4
Fri May 13 03:27:03 CEST 2016   Available space on volume: 35652
Fri May 13 03:27:03 CEST 2016   Rotating file...
