 0  0      0 4872804 195412 2688152    0    0     1   951  246  359  2  1 97  1  0
 0  0      0 4871444 195428 2688908    0    0     0     8  145  237  1  0 99  0  0
 0  0      0 4868984 195432 2691416    0    0     0     1  130  199  1  0 99  0  0
 0  0      0 4868512 195432 2692424    0    0     0     6  140  206  1  0 99  0  0
 0  0      0 4869080 195432 2691476    0    0     0     5  163  252  1  0 99  0  0
 0  0      0 4869112 195432 2691812    0    0     0     4  161  255  1  0 99  0  0
 0  0      0 4868460 195432 2691928    0    0     0     2  135  206  1  0 99  0  0
 0  0      0 4868796 195432 2692016    0    0     0     2  131  199  1  0 99  0  0
 0  0      0 4868292 195436 2692104    0    0     0     2  126  192  1  0 99  0  0
 0  0      0 4868300 195440 2692188    0    0     0     2  128  192  1  0 99  0  0
 0  0      0 4868176 195440 2692280    0    0     0     2  126  193  1  0 99  0  0
 0  0      0 4868268 195444 2692364    0    0     0     1  129  197  1  0 99  0  0
 0  0      0 4868408 195448 2692452    0    0     0     2  127  193  1  0 99  0  0
 0  0      0 4868260 195448 2692544    0    0     0     2  127  194  0  0 99  0  0
 0  0      0 4867796 195452 2692632    0    0     0     1  127  193  1  0 99  0  0
 0  0      0 4868036 195452 2692720    0    0     0     2  130  196  1  0 99  0  0
 0  0      0 4867576 195456 2692828    0    0     0     2  133  199  1  0 99  0  0
 0  0      0 4867500 195456 2692896    0    0     0     2  128  195  1  0 99  0  0
 0  0      0 4867292 195468 2692988    0    0     0     6  144  215  1  0 99  0  0
 0  0      0 4867724 195468 2693076    0    0     0     6  155  238  1  0 99  0  0
 0  0      0 4867392 195468 2693184    0    0     0     3  148  225  1  0 99  0  0
 0  0      0 4867044 195472 2693268    0    0     0     2  131  199  1  0 99  0  0
 0  0      0 4867268 195472 2693360    0    0     0     2  129  195  1  0 99  0  0
 0  0      0 4867456 195476 2693448    0    0     0     2  128  196  1  0 99  0  0
 0  0      0 4867060 195476 2693536    0    0     0     2  129  194  1  0 99  0  0
 0  0      0 4868556 195480 2692612    0    0     0     2  131  198  1  0 99  0  0
 0  0      0 4866888 195480 2693784    0    0     0     1  129  195  1  0 99  0  0
 0  0      0 4867372 195484 2693920    0    0     0     2  131  198  1  0 99  0  0
 0  0      0 4866500 195484 2693912    0    0     0     2  130  199  1  0 99  0  0
 0  0      0 4866816 195484 2693984    0    0     0     2  131  199  1  0 99  0  0
 0  0      0 4866468 195484 2694048    0    0     0     1  127  193  1  0 99  0  0
 0  0      0 4866140 195484 2694140    0    0     0     2  129  196  1  0 99  0  0
 0  0      0 4866120 195484 2694228    0    0     0     2  129  193  1  0 99  0  0
 0  0      0 4866484 195480 2694324    0    0     0     7  149  222  1  0 99  0  0

timesync: date time is-> Fri May 13 04:01:01 CEST 2016 +0200
 0  0      0 4867268 195476 2693432    0    0     0    12  169  265  1  0 99  0  0
 0  0      0 4867116 195484 2693516    0    0     0     3  170  271  1  0 99  0  0
 0  0      0 4866452 195484 2693596    0    0     0     2  129  196  1  0 99  0  0
 0  0      0 4866972 195480 2693696    0    0     0     2  130  198  1  0 99  0  0
 0  0      0 4866600 195484 2693780    0    0     0     1  128  196  1  0 99  0  0
 0  0      0 4866600 195484 2693872    0    0     0     2  128  193  1  0 99  0  0
 0  0      0 4866716 195484 2693960    0    0     0     2  127  192  1  0 99  0  0
 0  0      0 4866428 195484 2694056    0    0     0     2  130  197  1  0 99  0  0
 0  0      0 4866692 195484 2694144    0    0     0     1  131  197  1  0 99  0  0
 0  0      0 4866260 195484 2694472    0    0     0     2  126  192  1  0 99  0  0
 0  0      0 4865972 195484 2694560    0    0     0     2  126  192  1  0 99  0  0
 0  0      0 4866516 195484 2694652    0    0     0     2  128  195  1  0 99  0  0
 0  0      0 4865632 195484 2694740    0    0     0     2  130  197  1  0 99  0  0
 0  0      0 4866440 195484 2694832    0    0     0     1  129  194  1  0 99  0  0
 0  0      0 4865792 195488 2694924    0    0     0     7  145  212  1  0 99  0  0
 0  0      0 4865880 195488 2695016    0    0     0     6  152  238  1  0 99  0  0
 0  0      0 4865304 195488 2695108    0    0     0     3  150  227  1  0 99  0  0
 0  0      0 4865388 195488 2695196    0    0     0     2  129  198  1  0 99  0  0
 0  0      0 4864440 195492 2694236    0    0     0     2  128  195  1  0 99  0  0
 0  0      0 4865584 195496 2695368    0    0     0     2  128  195  0  0 99  0  0
 0  0      0 4865644 195496 2695456    0    0     0     1  132  198  1  0 99  0  0
 0  0      0 4865288 195500 2695540    0    0     0     2  128  196  0  0 99  0  0
 0  0      0 4864760 195504 2695628    0    0     0     2  127  194  1  0 99  0  0
 0  0      0 4864940 195504 2695712    0    0     0     2  126  193  1  0 99  0  0
 0  0      0 4865032 195508 2695804    0    0     0     2  127  194  1  0 99  0  0
 0  0      0 4864876 195508 2695896    0    0     0     1  127  194  1  0 99  0  0
 0  0      0 4864552 195512 2695980    0    0     0     2  132  198  1  0 99  0  0
 0  0      0 4864164 195512 2696064    0    0     0     2  128  195  1  0 99  0  0
 0  0      0 4864420 195512 2696156    0    0     0     2  130  195  1  0 99  0  0
 0  0      0 4864140 195516 2696244    0    0     0     6  145  217  1  0 99  0  0
 0  0      0 4864240 195520 2696328    0    0     0     6  159  250  1  0 99  0  0
 0  0      0 4864108 195524 2696416    0    0     0     3  148  227  1  0 99  0  0
 0  0      0 4863728 195528 2696500    0    0     0     1  131  197  1  0 99  0  0
 0  0      0 4864092 195536 2696588    0    0     0     2  128  195  1  0 99  0  0
 0  0      0 4863832 195536 2696672    0    0     0     2  131  199  1  0 99  0  0
 0  0      0 4863636 195540 2696760    0    0     0     2  129  194  1  0 99  0  0
 0  0      0 4863444 195540 2696852    0    0     0     2  125  192  1  0 99  0  0
 0  0      0 4863288 195544 2696936    0    0     0     1  127  193  1  0 99  0  0
 0  0      0 4863436 195540 2697024    0    0     0     2  130  196  1  0 99  0  0
 0  0      0 4863728 195544 2697112    0    0     0     2  126  192  1  0 99  0  0
 0  0      0 4863536 195548 2697196    0    0     0     1  129  196  1  0 99  0  0
 0  0      0 4863636 195548 2697288    0    0     0     2  128  193  1  0 99  0  0
 0  0      0 4862720 195552 2697372    0    0     0     2  130  198  1  0 99  0  0
 0  0      0 4863148 195552 2697464    0    0     0     2  131  198  1  0 99  0  0
 0  0      0 4862240 195556 2696516    0    0     0     6  142  208  1  0 99  0  0
 0  0      0 4862824 195556 2697648    0    0     0     3  151  235  1  0 99  0  0
 0  0      0 4862704 195560 2697736    0    0     0     6  162  252  1  0 99  0  0
 0  0      0 4862340 195560 2697824    0    0     0     2  128  195  1  0 99  0  0
 0  0      0 4862472 195568 2697908    0    0     0     1  130  195  1  0 99  0  0
 0  0      0 4862736 195572 2697996    0    0     0     2  127  195  1  0 99  0  0
 0  0      0 4862172 195568 2698088    0    0     0     2  129  195  1  0 99  0  0
 0  0      0 4862016 195572 2698176    0    0     0     2  126  194  1  0 99  0  0
 0  0      0 4862180 195568 2698268    0    0     0     1  126  193  1  0 99  0  0
 0  0      0 4862868 195568 2698356    0    0     0     2  126  193  1  0 99  0  0
 0  0      0 4861752 195572 2698444    0    0     0     2  136  195  1  0 99  0  0
 0  0      0 4862000 195572 2698528    0    0     0     2  130  195  1  0 99  0  0
 0  0      0 4861892 195580 2698612    0    0     0     1  127  192  1  0 99  0  0
 0  0      0 4861580 195584 2698696    0    0     0     2  125  191  1  0 99  0  0
 0  0      0 4861884 195588 2698784    0    0     0     2  130  194  1  0 99  0  0
 0  0      0 4861900 195592 2698880    0    0     0     7  154  233  1  0 99  0  0

timesync: date time is-> Fri May 13 05:01:01 CEST 2016 +0200
 0  0      0 4861780 195588 2698976    0    0     0    10  181  292  1  0 99  0  0
 0  0      0 4861036 195592 2699064    0    0     0     5  174  280  1  0 99  0  0
 0  0      0 4861020 195596 2699148    0    0     0     2  129  198  1  0 99  0  0
 0  0      0 4861408 195596 2699240    0    0     0     2  126  193  1  0 99  0  0
 0  0      0 4860608 195596 2699336    0    0     0     2  131  199  1  0 99  0  0
 0  0      0 4860936 195596 2699428    0    0     0     2  131  196  1  0 99  0  0
 0  0      0 4860588 195596 2699512    0    0     0     1  131  197  1  0 99  0  0
 0  0      0 4860904 195596 2699604    0    0     0     2  129  196  1  0 99  0  0
 0  0      0 4860936 195600 2699692    0    0     0     2  127  193  1  0 99  0  0
 0  0      0 4860648 195596 2699784    0    0     0     1  125  190  0  0 99  0  0
 0  0      0 4860796 195608 2699864    0    0     0     2  129  193  1  0 99  0  0
 0  0      0 4860912 195604 2699956    0    0     0     2  129  194  1  0 99  0  0
 0  0      0 4860024 195616 2700036    0    0     0     2  130  196  1  0 99  0  0
 0  0      0 4860484 195608 2700132    0    0     0     3  131  197  1  0 99  0  0
 0  0      0 4859812 195616 2700216    0    0     0     8  154  232  1  0 99  0  0
 0  0      0 4860836 195616 2700304    0    0     0     4  159  252  1  0 99  0  0
 0  0      0 4859764 195620 2700396    0    0     0     6  164  255  1  0 99  0  0
 0  0      0 4859836 195620 2700484    0    0     0     2  130  196  1  0 99  0  0
 0  0      0 4859596 195624 2700572    0    0     0     2  128  194  1  0 99  0  0
 2  0      0 4859976 195624 2700664    0    0     0     2  129  195  1  0 99  0  0
 0  0      0 4859620 195628 2700748    0    0     0     2  131  196  1  0 99  0  0
 0  0      0 4859860 195628 2700840    0    0     0     2  128  194  1  0 99  0  0
 0  0      0 4859036 195632 2700924    0    0     0     1  130  195  1  0 99  0  0
 0  0      0 4859456 195636 2701012    0    0     0     2  128  194  1  0 99  0  0
 0  0      0 4859480 195636 2701100    0    0     0     2  128  195  1  0 99  0  0
 0  0      0 4859528 195640 2701204    0    0     0     2  127  194  0  0 99  0  0
 0  0      0 4859300 195640 2701324    0    0     0     2  129  194  1  0 99  0  0
 0  0      0 4858580 195644 2701600    0    0     0     2  130  195  1  0 99  0  0
 1  0      0 4859456 195644 2701472    0    0     0     2  127  193  1  0 99  0  0
 0  0      0 4859200 195648 2701540    0    0     0     7  154  227  1  0 99  0  0
 0  0      0 4859028 195648 2701628    0    0     0     6  143  217  1  0 99  0  0
 0  0      0 4859952 195652 2700700    0    0     0     3  154  234  1  0 99  0  0
 0  0      0 4858992 195656 2701796    0    0     0     2  129  196  1  0 99  0  0
 0  0      0 4858564 195660 2701880    0    0     0     2  132  198  1  0 99  0  0
 0  0      0 4858276 195660 2701968    0    0     0     1  128  195  1  0 99  0  0
 0  0      0 4858276 195664 2702060    0    0     0     2  131  196  1  0 99  0  0
 0  0      0 4858292 195664 2702148    0    0     0     2  126  193  1  0 99  0  0
 0  0      0 4857912 195668 2702236    0    0     0     2  127  194  1  0 99  0  0
 0  0      0 4858204 195668 2702324    0    0     0     1  131  198  1  0 99  0  0
 0  0      0 4858200 195668 2702416    0    0     0     2  132  200  1  0 99  0  0
 0  0      0 4857944 195668 2702504    0    0     0     2  130  198  1  0 99  0  0
 0  0      0 4858292 195668 2702596    0    0     0     2  127  194  1  0 99  0  0
 0  0      0 4857624 195668 2702684    0    0     0     1  130  197  1  0 99  0  0
 0  0      0 4857756 195672 2702772    0    0     0     2  130  196  1  0 99  0  0
 0  0      0 4858160 195672 2702864    0    0     0     7  163  246  1  0 99  0  0
 0  0      0 4857108 195672 2702956    0    0     0     5  145  220  1  0 99  0  0
 0  0      0 4857432 195676 2703040    0    0     0     3  154  237  1  0 99  0  0
 0  0      0 4857232 195672 2703136    0    0     0     3  130  199  1  0 99  0  0
 0  0      0 4856852 195680 2703220    0    0     0     2  129  196  1  0 99  0  0
 0  0      0 4857200 195680 2703308    0    0     0     2  131  198  1  0 99  0  0
 0  0      0 4857372 195684 2703396    0    0     0     2  133  198  1  0 99  0  0
 0  0      0 4856992 195688 2703480    0    0     0     2  131  197  1  0 99  0  0
 0  0      0 4857364 195692 2703568    0    0     0     2  128  193  1  0 99  0  0
 0  0      0 4856796 195696 2703660    0    0     0     2  127  192  1  0 99  0  0
 0  0      0 4856640 195696 2703752    0    0     0     2  128  196  1  0 99  0  0
 0  0      0 4856960 195700 2703840    0    0     0     1  130  197  1  0 99  0  0
 0  0      0 4856892 195700 2703928    0    0     0     2  127  193  1  0 99  0  0
 0  0      0 4856844 195704 2704008    0    0     0     2  131  195  1  0 99  0  0
 0  0      0 4857140 195704 2704100    0    0     0     1  129  195  1  0 99  0  0
 0  0      0 4856344 195708 2704192    0    0     0     7  152  224  1  0 99  0  0

timesync: date time is-> Fri May 13 06:01:01 CEST 2016 +0200
 0  0      0 4856212 195708 2704284    0    0     0    11  159  247  1  0 99  0  0
 0  0      0 4855408 195712 2704372    0    0     0     4  175  276  1  0 99  0  0
 0  0      0 4856032 195712 2704460    0    0     0     2  133  204  1  0 99  0  0
 0  0      0 4856072 195712 2704552    0    0     0     2  130  197  1  0 99  0  0
 1  0      0 4855660 195716 2704636    0    0     0     2  129  196  1  0 99  0  0
 0  0      0 4855520 195720 2704720    0    0     0     2  130  193  1  0 99  0  0
 0  0      0 4855288 195720 2704812    0    0     0     2  129  195  1  0 99  0  0
 0  0      0 4855264 195728 2704896    0    0     0     1  127  194  1  0 99  0  0
 0  0      0 4855256 195732 2704984    0    0     0     2  128  193  1  0 99  0  0
 0  0      0 4854956 195728 2705076    0    0     0     2  129  195  1  0 99  0  0
 0  0      0 4855304 195732 2705160    0    0     0     1  128  194  1  0 99  0  0
 0  0      0 4855040 195732 2705252    0    0     0     2  128  193  1  0 99  0  0
 0  0      0 4854764 195736 2705336    0    0     0     2  128  195  1  0 99  0  0
 0  0      0 4854932 195736 2705428    0    0     0     2  130  197  1  0 99  0  0
 0  0      0 4854676 195744 2705516    0    0     0     6  159  238  1  0 99  0  0
 0  0      0 4854872 195744 2705604    0    0     0     5  146  223  1  0 99  0  0
 0  0      0 4855104 195748 2705692    0    0     0     3  153  234  1  0 99  0  0
 0  0      0 4855244 195748 2705780    0    0     0     2  133  206  1  0 99  0  0
 1  0      0 4854800 195752 2705868    0    0     0     2  128  196  1  0 99  0  0
 0  0      0 4854692 195756 2705952    0    0     0     1  130  197  1  0 99  0  0
 0  0      0 4854196 195756 2706048    0    0     0     2  132  199  1  0 99  0  0
 0  0      0 4854096 195756 2706132    0    0     0     2  128  195  1  0 99  0  0
 0  0      0 4853904 195760 2706220    0    0     0     1  128  193  1  0 99  0  0
 0  0      0 4854004 195764 2706304    0    0     0     2  132  198  1  0 99  0  0
 0  0      0 4854220 195764 2706396    0    0     0     2  128  195  1  0 99  0  0
 0  0      0 4853576 195768 2706484    0    0     0     2  128  195  1  0 99  0  0
 0  0      0 4853656 195768 2706572    0    0     0     1  126  193  0  0 99  0  0
 0  0      0 4853716 195772 2706660    0    0     0     2  130  196  1  0 99  0  0
 0  0      0 4853528 195772 2706748    0    0     0     2  131  196  1  0 99  0  0
 1  0      0 4853668 195776 2706840    0    0     0     7  150  220  1  0 99  0  0
 0  0      0 4853172 195776 2706928    0    0     0     4  148  224  1  0 99  0  0
 0  0      0 4853504 195780 2707016    0    0     0     3  141  218  1  0 99  0  0
 0  0      0 4852948 195780 2707104    0    0     0     3  132  201  0  0 99  0  0
 0  0      0 4853296 195784 2707196    0    0     0     2  130  197  1  0 99  0  0
 0  0      0 4853032 195784 2707284    0    0     0     1  130  198  1  0 99  0  0
 1  0      0 4853388 195784 2707376    0    0     0     2  131  196  1  0 99  0  0
 0  0      0 4852708 195784 2707464    0    0     0     2  128  194  0  0 99  0  0
 0  0      0 4852396 195784 2707552    0    0     0     2  128  197  1  0 99  0  0
 0  0      0 4852636 195788 2707636    0    0     0     1  128  195  1  0 99  0  0
 0  0      0 4852436 195788 2707732    0    0     0     2  129  196  1  0 99  0  0
 0  0      0 4852708 195788 2707820    0    0     0     2  126  192  0  0 99  0  0
 0  0      0 4852272 195788 2707912    0    0     0     2  127  194  1  0 99  0  0
 0  0      0 4852468 195788 2708004    0    0     0     2  129  197  1  0 99  0  0
 0  0      0 4851732 195788 2708088    0    0     0     2  127  195  1  0 99  0  0
 0  0      0 4852212 195916 2708200    0    0     0     7  148  217  1  0 99  0  0
 0  0      0 4852396 195916 2708288    0    0     0     5  145  223  1  0 99  0  0
 0  0      0 4851856 195916 2708380    0    0     0     3  150  229  1  0 99  0  0
 0  0      0 4851716 195916 2708468    0    0     0     3  132  205  1  0 99  0  0
 0  0      0 4851388 195920 2708556    0    0     0     1  128  195  1  0 99  0  0
 0  0      0 4851964 195920 2708644    0    0     0     2  130  198  1  0 99  0  0
 0  0      0 4851080 195920 2708736    0    0     0     2  129  195  1  0 99  0  0
 0  0      0 4851512 195920 2708824    0    0     0     2  130  197  1  0 99  0  0
 0  0      0 4850988 195928 2708932    0    0     0    50  180  276  1  0 99  0  0
 0  0      0 4851220 195928 2709020    0    0     0     3  146  230  1  0 99  0  0
 0  0      0 4850960 195924 2709112    0    0     0     2  130  198  1  0 99  0  0
 0  0      0 4850652 195936 2709292    0    0     0     2  141  198  1  0 99  0  0
 0  0      0 4850572 195936 2709280    0    0     0     2  126  194  0  0 99  0  0
 0  0      0 4850828 195940 2709316    0    0     0     2  130  197  1  0 99  0  0
 0  0      0 4850200 195944 2709504    0    0     0     2  128  195  1  0 99  0  0
 1  0      0 4850496 195944 2709496    0    0     0     7  156  231  1  0 99  0  0

timesync: date time is-> Fri May 13 07:01:01 CEST 2016 +0200
 0  0      0 4850048 195944 2709716    0    0     0     8  182  290  1  0 99  0  0
 0  0      0 4850484 195952 2709732    0    0     0     6  177  282  1  0 99  0  0
 0  0      0 4851080 195952 2709820    0    0     0     2  132  203  0  0 99  0  0
 0  0      0 4850716 195956 2709908    0    0     0     2  130  198  1  0 99  0  0
 0  0      0 4850172 195956 2709996    0    0     0     1  127  195  0  0 99  0  0
 0  0      0 4850600 195956 2710088    0    0     0     2  130  195  1  0 99  0  0
 0  0      0 4850096 195956 2710176    0    0     0     3  129  196  1  0 99  0  0
 0  0      0 4849732 195956 2710268    0    0     0     2  126  194  1  0 99  0  0
 0  0      0 4850024 195956 2710356    0    0     0     1  133  202  1  0 99  0  0
 0  0      0 4850560 195956 2710448    0    0     0     2  127  193  1  0 99  0  0
 0  0      0 4849872 195968 2710524    0    0     0     2  131  197  1  0 99  0  0
 0  0      0 4851056 195968 2709604    0    0     0     2  127  195  1  0 99  0  0
 0  0      0 4849996 195968 2710696    0    0     0     1  128  195  1  0 99  0  0
 0  0      0 4849384 195972 2710784    0    0     0     2  128  195  1  0 99  0  0
 0  0      0 4849576 195972 2710876    0    0     0     7  143  211  1  0 99  0  0
 0  0      0 4848916 195976 2710960    0    0     0     3  139  207  1  0 99  0  0
 0  0      0 4848700 195976 2711052    0    0     0     5  144  218  1  0 99  0  0
 0  0      0 4848988 195976 2711140    0    0     0     2  129  198  1  0 99  0  0
 0  0      0 4848980 195976 2711236    0    0     0     2  125  192  1  0 99  0  0
 0  0      0 4848800 195976 2711324    0    0     0     2  129  195  1  0 99  0  0
 0  0      0 4848488 195980 2711412    0    0     0     1  130  197  1  0 99  0  0
 0  0      0 4848416 195980 2711500    0    0     0     2  129  196  1  0 99  0  0
 0  0      0 4848860 195984 2711588    0    0     0     2  128  195  1  0 99  0  0
 0  0      0 4848916 195988 2711672    0    0     0     1  128  193  1  0 99  0  0
 0  0      0 4848884 195992 2711760    0    0     0     2  127  194  1  0 99  0  0
 0  0      0 4848000 195996 2711844    0    0     0     2  129  196  1  0 99  0  0
 0  0      0 4848684 195996 2711936    0    0     0     2  127  192  0  0 99  0  0
 0  0      0 4848240 196000 2712020    0    0     0     1  130  197  1  0 99  0  0
 0  0      0 4848304 195996 2712112    0    0     0     2  130  198  0  0 99  0  0
 0  0      0 4848192 196004 2712200    0    0     0     7  144  214  1  0 99  0  0
 0  0      0 4847776 196004 2712296    0    0     0     3  151  232  1  0 99  0  0
 0  0      0 4847208 196004 2712380    0    0     0     7  147  219  1  0 99  0  0
 0  0      0 4847752 196008 2712472    0    0     0     2  130  197  1  0 99  0  0
 0  0      0 4847296 196012 2712560    0    0     0     2  133  201  1  0 99  0  0
 0  0      0 4847892 196012 2712648    0    0     0     2  127  194  1  0 99  0  0
 0  0      0 4847348 196012 2712732    0    0     0     2  129  195  1  0 99  0  0
 0  0      0 4847480 196016 2712824    0    0     0     2  128  195  0  0 99  0  0
 0  0      0 4847288 196016 2712916    0    0     0     2  132  198  1  0 99  0  0
 0  0      0 4847172 196020 2712996    0    0     0     1  131  199  1  0 99  0  0
 0  0      0 4847000 196020 2713084    0    0     0     2  129  195  1  0 99  0  0
 0  0      0 4846956 196020 2713180    0    0     0     2  127  194  0  0 99  0  0
 0  0      0 4846592 196024 2713272    0    0     0     2  129  195  1  0 99  0  0
 0  0      0 4846684 196024 2713356    0    0     0     1  130  195  1  0 99  0  0
 0  0      0 4846860 196028 2713444    0    0     0     2  130  197  1  0 99  0  0
 0  0      0 4846924 196032 2713528    0    0     0     7  141  209  1  0 99  0  0
 0  0      0 4846536 196036 2713620    0    0     0     3  148  228  1  0 99  0  0
 0  0      0 4846116 196032 2713704    0    0     0     5  146  220  1  0 99  0  0
 0  0      0 4846556 196040 2713788    0    0     0     2  128  197  0  0 99  0  0
 0  0      0 4845892 196040 2713876    0    0     0     2  128  195  1  0 99  0  0
 0  0      0 4846024 196044 2713964    0    0     0     2  129  196  1  0 99  0  0
 0  0      0 4846208 196044 2714052    0    0     0     2  133  198  1  0 99  0  0
 0  0      0 4845744 196044 2714148    0    0     0     2  129  199  1  0 99  0  0
 0  0      0 4846076 196044 2714240    0    0     0     2  127  194  1  0 99  0  0
 0  0      0 4845628 196044 2714328    0    0     0     1  128  194  1  0 99  0  0
 0  0      0 4846052 196044 2714420    0    0     0     2  127  193  0  0 99  0  0
 0  0      0 4845960 196048 2714500    0    0     0     2  131  200  1  0 99  0  0
 0  0      0 4845528 196048 2714596    0    0     0     2  129  197  1  0 99  0  0
 0  0      0 4845480 196048 2714680    0    0     0     2  131  196  1  0 99  0  0
 0  0      0 4844852 196048 2714772    0    0     0     2  131  197  1  0 99  0  0
 0  0      0 4845068 196048 2714864    0    0     0     7  157  236  1  0 99  0  0

timesync: date time is-> Fri May 13 08:01:01 CEST 2016 +0200
 0  0      0 4845152 196048 2714968    0    0     0     9  161  255  1  0 99  0  0
 0  0      0 4844712 196052 2715052    0    0     0     6  171  269  1  0 99  0  0
 0  0      0 4844844 196052 2715148    0    0     0     3  127  195  0  0 99  0  0
 0  0      0 4844704 196048 2715240    0    0     0     2  126  191  1  0 99  0  0
 0  0      0 4844464 196052 2715324    0    0     0     2  127  196  1  0 99  0  0
 0  0      0 4844604 196052 2715416    0    0     0     2  132  196  1  0 99  0  0
 0  0      0 4844168 196056 2715500    0    0     0     2  128  195  0  0 99  0  0
 0  0      0 4844184 196056 2715592    0    0     0     2  129  194  1  0 99  0  0
 0  0      0 4844348 196060 2715676    0    0     0     1  129  195  1  0 99  0  0
 0  0      0 4844424 196060 2715768    0    0     0     2  133  201  1  0 99  0  0
 0  0      0 4845584 195860 2716928    0    0    12     7  168  253  1  0 99  0  0
 0  0      0 4845608 195860 2717020    0    0     0    11  166  268  1  0 99  0  0
 0  0      0 4844596 195868 2717576    0    0     0     2  132  201  1  0 99  0  0
 0  0      0 4844656 195880 2717668    0    0     0     2  140  218  1  0 99  0  0
 1  0      0 4844456 195888 2717764    0    0     0     7  142  210  1  0 99  0  0
 0  0      0 4748428 262964 2720184    0    0   781   163  352  467  3  1 95  1  0
 0  0      0 4748332 262520 2720784    0    0     0   527  205  335  1  0 99  0  0
 0  0      0 4748140 262500 2720904    0    0     0     4  154  249  1  0 99  0  0
 0  0      0 4747580 262516 2721464    0    0     0     3  139  216  1  0 99  0  0
 0  0      0 4747828 262520 2721560    0    0     0     2  137  212  1  0 99  0  0
 0  0      0 4747140 262524 2721648    0    0     0     3  133  201  1  0 99  0  0
 0  0      0 4747744 262524 2721736    0    0     0     2  131  199  1  0 99  0  0
 0  0      0 4748116 262536 2721324    0    0     0     3  140  220  0  0 99  0  0
 0  0      0 4643628 357360 2727896    0    0  1685   111  461  765  1  0 97  2  0
 0  0      0 4643444 357356 2728004    0    0     0     1  129  194  1  0 99  0  0
 0  0      0 4642996 357356 2728144    0    0     0     2  126  189  1  0 99  0  0
 0  0      0 4643052 357356 2728236    0    0     0     2  124  186  1  0 99  0  0
 0  0      0 4642964 357360 2728392    0    0     0     2  128  188  1  0 99  0  0
 0  0      0 4642648 357360 2728412    0    0     0     2  125  187  0  0 99  0  0
 1  0      0 4642712 357360 2728560    0    0     0     7  149  222  1  0 99  0  0
 0  0      0 4642620 357360 2728620    0    0     0     2  141  206  1  0 99  0  0
 0  0      0 4642720 357360 2728748    0    0     0     5  144  211  1  0 99  0  0
 0  0      0 4642416 357360 2728900    0    0     0     2  134  207  0  0 99  0  0
 0  0      0 4642172 357360 2728868    0    0     0     2  125  187  1  0 99  0  0
 0  0      0 4642204 357360 2728952    0    0     0     3  127  191  0  0 99  0  0
 0  0      0 4641992 357364 2729044    0    0     0     2  129  189  1  0 99  0  0
 0  0      0 4642032 357360 2729136    0    0     0     2  125  187  0  0 99  0  0
 0  0      0 4641720 357360 2729228    0    0     0     2  129  191  1  0 99  0  0
 0  0      0 4641976 357360 2729316    0    0     0     2  127  190  1  0 99  0  0
 0  0      0 4640312 357360 2731176    0    0     0     2  128  192  1  0 99  0  0
 0  0      0 4640016 357360 2731264    0    0     0     2  126  188  1  0 99  0  0
 1  0      0 4641340 357360 2729592    0    0     0     2  125  186  1  0 99  0  0
 0  0      0 4641504 357360 2729680    0    0     0     2  125  185  1  0 99  0  0
 0  0      0 4641172 357360 2729772    0    0     0     2  128  189  1  0 99  0  0
 0  0      0 4641420 357360 2729864    0    0     0     7  156  239  1  0 99  0  0
 0  0      0 4640932 357360 2729956    0    0     0     2  140  208  1  0 99  0  0
 0  0      0 4641324 357360 2730048    0    0     0     5  146  213  1  0 99  0  0
 1  0      0 4640760 357360 2730136    0    0     0     2  137  210  1  0 99  0  0
 0  0      0 4641092 357360 2730228    0    0     0     2  128  191  1  0 99  0  0
 0  0      0 4640720 357360 2730316    0    0     0     2  125  186  1  0 99  0  0
 0  0      0 4640760 357364 2730404    0    0     0     2  128  189  1  0 99  0  0
 0  0      0 4640876 357368 2730488    0    0     0     2  128  191  1  0 99  0  0
 0  0      0 4641436 357368 2729572    0    0     0     1  126  190  0  0 99  0  0
 0  0      0 4640364 357372 2730672    0    0     0     2  127  189  1  0 99  0  0
 0  0      0 4640536 357372 2730760    0    0     0     2  127  190  0  0 99  0  0
 0  0      0 4640100 357372 2730852    0    0     0     2  128  188  1  0 99  0  0
 0  0      0 4640404 357372 2730940    0    0     0     1  136  188  1  0 99  0  0
 0  0      0 4640140 357376 2731032    0    0     0     2  124  185  1  0 99  0  0
 0  0      0 4639892 357372 2731124    0    0     0     2  128  192  1  0 99  0  0
 0  0      0 4639496 357372 2731220    0    0     0     7  145  216  1  0 99  0  0

timesync: date time is-> Fri May 13 09:01:01 CEST 2016 +0200
 0  0      0 4639844 357372 2731312    0    0     0     9  158  239  1  0 99  0  0
 0  0      0 4639528 357372 2731404    0    0     0     6  157  231  1  0 99  0  0
 0  0      0 4639528 357372 2731492    0    0     0     3  136  211  0  0 99  0  0
 0  0      0 4639392 357372 2731584    0    0     0     2  125  187  1  0 99  0  0
 0  0      0 4639152 357372 2731676    0    0     0     2  126  191  0  0 99  0  0
 0  0      0 4637492 357372 2733536    0    0     0     2  129  190  1  0 99  0  0
 0  0      0 4637780 357372 2733624    0    0     0     2  128  190  1  0 99  0  0
 0  0      0 4638956 357372 2731952    0    0     0     2  125  187  1  0 99  0  0
 0  0      0 4639080 357376 2732036    0    0     0     2  127  188  1  0 99  0  0
 0  0      0 4638584 357384 2732116    0    0     0     2  127  188  1  0 99  0  0
 0  0      0 4638664 357384 2732204    0    0     0     2  122  185  1  0 99  0  0
 0  0      0 4639036 357384 2732296    0    0     0     2  125  187  1  0 99  0  0
 0  0      0 4639152 357384 2732384    0    0     0     2  126  187  1  0 99  0  0
 0  0      0 4638896 357388 2732472    0    0     0     2  126  187  1  0 99  0  0
 0  0      0 4638056 357388 2732560    0    0     0     7  151  230  1  0 99  0  0
 0  0      0 4638304 357388 2732652    0    0     0     3  142  211  1  0 99  0  0
 0  0      0 4638136 357392 2732748    0    0     0     6  145  209  1  0 99  0  0
 0  0      0 4638196 357396 2732832    0    0     0     3  136  211  1  0 99  0  0
 0  0      0 4637956 357396 2732924    0    0     0     2  127  191  1  0 99  0  0
 0  0      0 4638500 357396 2733012    0    0     0     3  125  188  1  0 99  0  0
 0  0      0 4638120 357396 2733100    0    0     0     2  126  188  1  0 99  0  0
 0  0      0 4637668 357396 2733188    0    0     0     2  127  190  1  0 99  0  0
 0  0      0 4637816 357396 2733284    0    0     0     2  125  187  0  0 99  0  0
 0  0      0 4637676 357396 2733368    0    0     0     1  123  184  1  0 99  0  0
 0  0      0 4637640 357396 2733456    0    0     0     2  124  185  0  0 99  0  0
 0  0      0 4637864 357400 2733420    0    0     0     2  125  186  1  0 99  0  0
 0  0      0 4637516 357404 2733500    0    0     0     1  125  185  1  0 99  0  0
 0  0      0 4637392 357404 2733588    0    0     0     2  124  184  1  0 99  0  0
 0  0      0 4637284 357408 2733676    0    0     0     2  121  181  1  0 99  0  0
 0  0      0 4637388 357408 2733768    0    0     0     7  136  205  1  0 99  0  0
 0  0      0 4637232 357412 2733860    0    0     0     3  139  207  1  0 99  0  0
 0  0      0 4636908 357412 2733952    0    0     0     6  143  203  1  0 99  0  0
 1  0      0 4636876 357416 2734036    0    0     0     3  135  209  1  0 99  0  0
 0  0      0 4636776 357416 2734120    0    0     0     2  127  189  1  0 99  0  0
 0  0      0 4636940 357420 2734208    0    0     0     2  123  184  1  0 99  0  0
 0  0      0 4636480 357420 2734296    0    0     0     2  123  182  1  0 99  0  0
 0  0      0 4636544 357424 2734384    0    0     0     2  121  181  1  0 99  0  0
 0  0      0 4636420 357424 2734480    0    0     0     2  120  180  1  0 99  0  0
 0  0      0 4636736 357424 2734564    0    0     0     1  123  185  1  0 99  0  0
 0  0      0 4636304 357424 2734656    0    0     0     2  121  182  1  0 99  0  0
 0  0      0 4636336 357424 2734744    0    0     0     2  122  184  1  0 99  0  0
 0  0      0 4636080 357428 2734832    0    0     0     2  123  184  1  0 99  0  0
 0  0      0 4635956 357428 2734920    0    0     0     2  123  183  1  0 99  0  0
 0  0      0 4635824 357428 2735012    0    0     0     1  124  186  1  0 99  0  0
 0  0      0 4635736 357428 2735104    0    0     0     7  138  208  1  0 99  0  0
 0  0      0 4636000 357432 2735192    0    0     0     3  141  209  1  0 99  0  0
 0  0      0 4635276 357432 2735288    0    0     0     5  142  202  1  0 99  0  0
 0  0      0 4635024 357428 2735372    0    0     0     2  136  212  1  0 99  0  0
 0  0      0 4635852 357432 2735464    0    0     0     2  123  184  1  0 99  0  0
 0  0      0 4634960 357432 2735552    0    0     0     2  122  182  1  0 99  0  0
 0  0      0 4635288 357436 2735640    0    0     0     2  123  183  1  0 99  0  0
 0  0      0 4634776 357436 2735728    0    0     0     1  124  186  1  0 99  0  0
 0  0      0 4634828 357440 2735820    0    0     0     2  123  185  0  0 99  0  0
 0  0      0 4634804 357444 2735908    0    0     0     2  125  185  1  0 99  0  0
 0  0      0 4634792 357444 2735996    0    0     0     2  122  181  1  0 99  0  0
 0  0      0 4634152 357448 2736084    0    0     0     1  120  180  1  0 99  0  0
 0  0      0 4634992 357448 2736172    0    0     0     2  120  182  1  0 99  0  0
 0  0      0 4634736 357448 2736268    0    0     0     2  126  187  1  0 99  0  0
 0  0      0 4634720 357452 2736352    0    0     0     2  121  182  1  0 99  0  0
 0  0      0 4634596 357452 2736452    0    0     0     6  144  219  1  0 99  0  0

timesync: date time is-> Fri May 13 10:01:01 CEST 2016 +0200
 0  0      0 4634276 357452 2736548    0    0     0     9  156  239  1  0 99  0  0
 0  0      0 4634036 357456 2736584    0    0     0     6  151  226  1  0 99  0  0
 0  0      0 4634204 357456 2736780    0    0     0     3  134  207  1  0 99  0  0
 0  0      0 4633964 357464 2736916    0    0     0     2  122  182  1  0 99  0  0
 0  0      0 4633996 357464 2736960    0    0     0     2  124  186  1  0 99  0  0
 0  0      0 4633764 357472 2737104    0    0     0     1  123  182  1  0 99  0  0
 0  0      0 4633500 357476 2737056    0    0     0     2  123  184  1  0 99  0  0
 0  0      0 4633696 357476 2737144    0    0     0     2  121  181  1  0 99  0  0
 0  0      0 4633432 357476 2737232    0    0     0     2  122  182  0  0 99  0  0
 0  0      0 4633300 357484 2737316    0    0     0     1  123  183  1  0 99  0  0
 0  0      0 4633896 357488 2737404    0    0     0     2  121  181  0  0 99  0  0
 1  0      0 4633068 357488 2737492    0    0     0     2  122  182  1  0 99  0  0
 0  0      0 4633100 357492 2737580    0    0     0     2  124  186  1  0 99  0  0
 0  0      0 4633076 357488 2737668    0    0     0     1  126  187  1  0 99  0  0
 0  0      0 4633188 357496 2737756    0    0     0     7  136  205  1  0 99  0  0
 0  0      0 4632728 357496 2737844    0    0     0     2  141  212  1  0 99  0  0
 0  0      0 4632836 357500 2737932    0    0     0     6  150  226  1  0 99  0  0
 0  0      0 4632736 357504 2738024    0    0     0     3  137  205  1  0 99  0  0
 0  0      0 4632296 357504 2738112    0    0     0     2  123  183  0  0 99  0  0
 0  0      0 4633016 357504 2738196    0    0     0     2  126  185  1  0 99  0  0
 0  0      0 4632728 357508 2738284    0    0     0     1  127  188  1  0 99  0  0
 0  0      0 4632132 357508 2738372    0    0     0     2  125  185  1  0 99  0  0
 0  0      0 4632364 357516 2738456    0    0     0     2  123  183  1  0 99  0  0
 0  0      0 4632392 357516 2738552    0    0     0     2  122  182  1  0 99  0  0
 0  0      0 4632176 357520 2738632    0    0     0     1  120  180  0  0 99  0  0
 0  0      0 4632308 357520 2738720    0    0     0     2  126  187  1  0 99  0  0
 0  0      0 4632208 357524 2738808    0    0     0     2  123  183  0  0 99  0  0
 0  0      0 4631844 357524 2738904    0    0     0     2  129  189  1  0 99  0  0
 0  0      0 4632000 357524 2738988    0    0     0     1  125  187  0  0 99  0  0
 0  0      0 4631776 357528 2739084    0    0     0     7  140  211  1  0 99  0  0
 0  0      0 4631528 357528 2739172    0    0     0     3  148  223  1  0 99  0  0
 0  0      0 4631644 357532 2739260    0    0     0     5  151  226  1  0 99  0  0
 1  0      0 4632420 357532 2738336    0    0     0     3  138  206  1  0 99  0  0
 0  0      0 4631488 357536 2739436    0    0     0     1  126  186  1  0 99  0  0
 0  0      0 4630784 357536 2739524    0    0     0     2  123  184  1  0 99  0  0
 2  0      0 4630960 357540 2739612    0    0     0     2  125  185  1  0 99  0  0
 0  0      0 4630884 357540 2739700    0    0     0     2  124  185  1  0 99  0  0
 0  0      0 4631072 357540 2739792    0    0     0     1  123  184  1  0 99  0  0
 0  0      0 4630860 357540 2739884    0    0     0     2  145  183  1  0 99  0  0
 0  0      0 4630752 357536 2739972    0    0     0     2  220  183  1  0 99  0  0
 0  0      0 4630844 357540 2740060    0    0     0     1  125  185  1  0 99  0  0
 0  0      0 4630544 357540 2740148    0    0     0     2  125  186  1  0 99  0  0
 0  0      0 4630048 357540 2740232    0    0     0     1  125  186  1  0 99  0  0
 0  0      0 4630696 357544 2740320    0    0     0     2  123  182  1  0 99  0  0
 0  0      0 4630560 357540 2740420    0    0     0     7  135  199  1  0 99  0  0
 0  0      0 4630204 357544 2740508    0    0     0     2  145  219  1  0 99  0  0
 0  0      0 4630444 357548 2740596    0    0     0     7  149  223  1  0 99  0  0
 1  0      0 4630076 357548 2740684    0    0     0     2  152  234  1  0 99  0  0
 0  0      0 4630184 357548 2740776    0    0     0     2  127  190  1  0 99  0  0
 0  0      0 4630016 357548 2740868    0    0     0     2  124  184  1  0 99  0  0
 0  0      0 4629636 357552 2740952    0    0     0     2  125  185  1  0 99  0  0
 0  0      0 4630232 357552 2741044    0    0     0     1  122  182  0  0 99  0  0
 1  0      0 4629372 357636 2741080    0    0     0    52  204  313  1  0 99  0  0
